<?xml version="1.0" encoding="UTF-8"?>
<testsuite name="runner.TestRunner" time="0.009" tests="20" errors="0" skipped="0" failures="0">
  <properties>
    <property name="java.runtime.name" value="Java(TM) SE Runtime Environment"/>
    <property name="sun.boot.library.path" value="C:\Program Files\Java\jdk1.8.0_121\jre\bin"/>
    <property name="java.vm.version" value="25.121-b13"/>
    <property name="java.vm.vendor" value="Oracle Corporation"/>
    <property name="maven.multiModuleProjectDirectory" value="C:\Testing\Selenium\Test Scripts\personal.sschahil.cucumber"/>
    <property name="java.vendor.url" value="http://java.oracle.com/"/>
    <property name="path.separator" value=";"/>
    <property name="guice.disable.misplaced.annotation.check" value="true"/>
    <property name="java.vm.name" value="Java HotSpot(TM) 64-Bit Server VM"/>
    <property name="file.encoding.pkg" value="sun.io"/>
    <property name="user.script" value=""/>
    <property name="user.country" value="US"/>
    <property name="sun.java.launcher" value="SUN_STANDARD"/>
    <property name="sun.os.patch.level" value=""/>
    <property name="java.vm.specification.name" value="Java Virtual Machine Specification"/>
    <property name="user.dir" value="C:\Testing\Selenium\Test Scripts\personal.sschahil.cucumber"/>
    <property name="java.runtime.version" value="1.8.0_121-b13"/>
    <property name="java.awt.graphicsenv" value="sun.awt.Win32GraphicsEnvironment"/>
    <property name="java.endorsed.dirs" value="C:\Program Files\Java\jdk1.8.0_121\jre\lib\endorsed"/>
    <property name="os.arch" value="amd64"/>
    <property name="java.io.tmpdir" value="C:\Users\Owner\AppData\Local\Temp\"/>
    <property name="line.separator" value="&#10;"/>
    <property name="java.vm.specification.vendor" value="Oracle Corporation"/>
    <property name="user.variant" value=""/>
    <property name="os.name" value="Windows 10"/>
    <property name="classworlds.conf" value="C:\Testing\Selenium\Test Scripts\.metadata\.plugins\org.eclipse.m2e.launching\launches\m2conf4264840419278389599.tmp"/>
    <property name="sun.jnu.encoding" value="Cp1252"/>
    <property name="java.library.path" value="C:\Program Files\Java\jdk1.8.0_121\bin;C:\WINDOWS\Sun\Java\bin;C:\WINDOWS\system32;C:\WINDOWS;C:/Program Files/Java/jre1.8.0_141/bin/server;C:/Program Files/Java/jre1.8.0_141/bin;C:/Program Files/Java/jre1.8.0_141/lib/amd64;C:\ProgramData\Oracle\Java\javapath;C:\WINDOWS\system32;C:\WINDOWS;C:\WINDOWS\System32\Wbem;C:\WINDOWS\System32\WindowsPowerShell\v1.0\;C:\Program Files (x86)\ATI Technologies\ATI.ACE\Core-Static;C:\Program Files\MATLAB\R2011a\runtime\win64;C:\Program Files\MATLAB\R2011a\bin;C:\OrCAD\OrCAD_16.6_Lite\tools\pcb\bin;C:\OrCAD\OrCAD_16.6_Lite\tools\fet\bin;C:\OrCAD\OrCAD_16.6_Lite\OpenAccess\bin\win32\opt;C:\OrCAD\OrCAD_16.6_Lite\tools\bin;C:\OrCAD\OrCAD_16.6_Lite\tools\Capture;C:\OrCAD\OrCAD_16.6_Lite\tools\PSpice;c:\FullProf_Suite;C:\WINDOWS\system32;C:\WINDOWS;C:\WINDOWS\System32\Wbem;C:\WINDOWS\System32\WindowsPowerShell\v1.0\;C:\Program Files\Git\cmd;C:\Program Files\nodejs\;C:\Testing\Selenium\Drivers\;C:\Program Files (x86)\Skype\Phone\;C:\Program Files\Microsoft SQL Server\130\Tools\Binn\;C:\Program Files\MySQL\MySQL Utilities 1.6\;C:\Code\Python\Scripts\;C:\Code\Python\;C:\WINDOWS\system32;C:\WINDOWS;C:\WINDOWS\System32\Wbem;C:\WINDOWS\System32\WindowsPowerShell\v1.0\;C:\Program Files (x86)\ATI Technologies\ATI.ACE\Core-Static;C:\Program Files\MATLAB\R2011a\runtime\win64;C:\Program Files\MATLAB\R2011a\bin;C:\OrCAD\OrCAD_16.6_Lite\tools\pcb\bin;C:\OrCAD\OrCAD_16.6_Lite\tools\fet\bin;C:\OrCAD\OrCAD_16.6_Lite\OpenAccess\bin\win32\opt;C:\OrCAD\OrCAD_16.6_Lite\tools\bin;C:\OrCAD\OrCAD_16.6_Lite\tools\Capture;C:\OrCAD\OrCAD_16.6_Lite\tools\PSpice;c:\FullProf_Suite;C:\Program Files\Java\jdk1.8.0_121\bin;C:\Users\Owner\AppData\Local\Microsoft\WindowsApps;C:\Code\Maven\apache-maven-3.5.0\bin;C:\Users\Owner\AppData\Roaming\npm;C:\Program Files\MongoDB\Server\3.4\bin\;C:\Program Files\MySQL\MySQL Server 5.7\bin;C:\MySQL\mysql-connector-java-5.1.43;C:\Program Files\Tomcat\apache-tomcat-8.5.20\bin;;C:\Users\Owner\Desktop;;."/>
    <property name="java.specification.name" value="Java Platform API Specification"/>
    <property name="java.class.version" value="52.0"/>
    <property name="sun.management.compiler" value="HotSpot 64-Bit Tiered Compilers"/>
    <property name="os.version" value="10.0"/>
    <property name="user.home" value="C:\Users\Owner"/>
    <property name="user.timezone" value="America/Los_Angeles"/>
    <property name="java.awt.printerjob" value="sun.awt.windows.WPrinterJob"/>
    <property name="java.specification.version" value="1.8"/>
    <property name="file.encoding" value="Cp1252"/>
    <property name="user.name" value="Owner"/>
    <property name="java.class.path" value="/C:/Users/Owner/eclipse/java-neon/eclipse/../../../.p2/pool/plugins/org.eclipse.m2e.maven.runtime_1.7.0.20160603-1931/jars/plexus-classworlds-2.5.2.jar"/>
    <property name="java.vm.specification.version" value="1.8"/>
    <property name="sun.arch.data.model" value="64"/>
    <property name="java.home" value="C:\Program Files\Java\jdk1.8.0_121\jre"/>
    <property name="sun.java.command" value="org.codehaus.plexus.classworlds.launcher.Launcher -B install"/>
    <property name="java.specification.vendor" value="Oracle Corporation"/>
    <property name="user.language" value="en"/>
    <property name="awt.toolkit" value="sun.awt.windows.WToolkit"/>
    <property name="java.vm.info" value="mixed mode"/>
    <property name="java.version" value="1.8.0_121"/>
    <property name="java.ext.dirs" value="C:\Program Files\Java\jdk1.8.0_121\jre\lib\ext;C:\WINDOWS\Sun\Java\lib\ext"/>
    <property name="sun.boot.class.path" value="C:\Program Files\Java\jdk1.8.0_121\jre\lib\resources.jar;C:\Program Files\Java\jdk1.8.0_121\jre\lib\rt.jar;C:\Program Files\Java\jdk1.8.0_121\jre\lib\sunrsasign.jar;C:\Program Files\Java\jdk1.8.0_121\jre\lib\jsse.jar;C:\Program Files\Java\jdk1.8.0_121\jre\lib\jce.jar;C:\Program Files\Java\jdk1.8.0_121\jre\lib\charsets.jar;C:\Program Files\Java\jdk1.8.0_121\jre\lib\jfr.jar;C:\Program Files\Java\jdk1.8.0_121\jre\classes"/>
    <property name="java.vendor" value="Oracle Corporation"/>
    <property name="maven.home" value="C:\Testing\Selenium\Test Scripts\personal.sschahil.cucumber\EMBEDDED"/>
    <property name="file.separator" value="\"/>
    <property name="java.vendor.url.bug" value="http://bugreport.sun.com/bugreport/"/>
    <property name="sun.cpu.endian" value="little"/>
    <property name="sun.io.unicode.encoding" value="UnicodeLittle"/>
    <property name="sun.desktop" value="windows"/>
    <property name="sun.cpu.isalist" value="amd64"/>
  </properties>
  <testcase name="Given Open chrome and start application" classname="| example@gmail.com | password1 |" time="0.007"/>
  <testcase name="When I enter valid &quot;example@gmail.com&quot; and valid &quot;password1&quot;" classname="| example@gmail.com | password1 |" time="0"/>
  <testcase name="Then user should be able to login successfully" classname="| example@gmail.com | password1 |" time="0"/>
  <testcase name="Then application should be closed" classname="| example@gmail.com | password1 |" time="0"/>
  <testcase name="| example@gmail.com | password1 |" classname="| example@gmail.com | password1 |" time="0.001"/>
  <testcase name="Given Open chrome and start application" classname="| example1@gmail.com | password2 |" time="0"/>
  <testcase name="When I enter valid &quot;example1@gmail.com&quot; and valid &quot;password2&quot;" classname="| example1@gmail.com | password2 |" time="0"/>
  <testcase name="Then user should be able to login successfully" classname="| example1@gmail.com | password2 |" time="0"/>
  <testcase name="Then application should be closed" classname="| example1@gmail.com | password2 |" time="0"/>
  <testcase name="| example1@gmail.com | password2 |" classname="| example1@gmail.com | password2 |" time="0"/>
  <testcase name="Given Open chrome and start application" classname="| example2@gmail.com | password3 |" time="0"/>
  <testcase name="When I enter valid &quot;example2@gmail.com&quot; and valid &quot;password3&quot;" classname="| example2@gmail.com | password3 |" time="0"/>
  <testcase name="Then user should be able to login successfully" classname="| example2@gmail.com | password3 |" time="0"/>
  <testcase name="Then application should be closed" classname="| example2@gmail.com | password3 |" time="0"/>
  <testcase name="| example2@gmail.com | password3 |" classname="| example2@gmail.com | password3 |" time="0"/>
  <testcase name="Given Open chrome and start application" classname="| example3@gmail.com | password4 |" time="0.001"/>
  <testcase name="When I enter valid &quot;example3@gmail.com&quot; and valid &quot;password4&quot;" classname="| example3@gmail.com | password4 |" time="0"/>
  <testcase name="Then user should be able to login successfully" classname="| example3@gmail.com | password4 |" time="0"/>
  <testcase name="Then application should be closed" classname="| example3@gmail.com | password4 |" time="0"/>
  <testcase name="| example3@gmail.com | password4 |" classname="| example3@gmail.com | password4 |" time="0"/>
</testsuite>