<?xml version="1.0" encoding="UTF-8"?>
<!-- Generated by org.testng.reporters.JUnitReportReporter -->
<testsuite skipped="0" hostname="Sumant-Chahil" name="LoginTestNg" tests="3" failures="0" timestamp="30 Jul 2017 08:51:19 GMT" time="25.557" errors="0">
  <testcase name="loginSmokeMethod" time="14.992" classname="LoginTestNg"/>
  <testcase name="moreOption" time="4.941" classname="LoginTestNg"/>
  <testcase name="forgotEmail" time="5.624" classname="LoginTestNg"/>
</testsuite> <!-- LoginTestNg -->
