<?xml version="1.0" encoding="UTF-8"?>
<!-- Generated by org.testng.reporters.JUnitReportReporter -->
<testsuite skipped="0" hostname="Sumant-Chahil" name="LoginTestNg" tests="1" failures="0" timestamp="12 Aug 2017 09:22:17 GMT" time="165.872" errors="0">
  <testcase name="sideBarTest" time="165.872" classname="LoginTestNg"/>
</testsuite> <!-- LoginTestNg -->
